<?xml version="1.0" encoding="UTF-8"?>
<!-- Generated by org.testng.reporters.JUnitReportReporter -->
<testsuite hostname="KI-LAPTOP309" failures="0" tests="1" name="testNGpakage.TestNGclass" time="0.006" errors="0" timestamp="2023-01-18T14:52:10 IST" skipped="0">
  <testcase classname="testNGpakage.TestNGclass" name="test" time="0.006"/>
  <system-out/>
</testsuite> <!-- testNGpakage.TestNGclass -->
