<?xml version="1.0" encoding="UTF-8"?>
<!-- Generated by org.testng.reporters.JUnitReportReporter -->
<testsuite hostname="KI-LAPTOP309" failures="0" tests="4" name="suiteTestNGpractice.TestSuiteClass_2" time="0.008" errors="0" timestamp="2023-01-26T18:45:52 IST" skipped="0">
  <testcase classname="suiteTestNGpractice.TestSuiteClass_2" name="testD" time="0.001"/>
  <system-out/>
  <testcase classname="suiteTestNGpractice.TestSuiteClass_2" name="testB" time="0.003"/>
  <system-out/>
  <testcase classname="suiteTestNGpractice.TestSuiteClass_2" name="testD" time="0.001"/>
  <system-out/>
  <testcase classname="suiteTestNGpractice.TestSuiteClass_2" name="testB" time="0.003"/>
  <system-out/>
</testsuite> <!-- suiteTestNGpractice.TestSuiteClass_2 -->
